[debug] [2021-05-01T10:49:27.874Z] ----------------------------------------------------------------------
[debug] [2021-05-01T10:49:27.876Z] Command:       /usr/local/bin/node /usr/local/bin/firebase emulators:start --only firestore
[debug] [2021-05-01T10:49:27.877Z] CLI Version:   9.10.0
[debug] [2021-05-01T10:49:27.877Z] Platform:      darwin
[debug] [2021-05-01T10:49:27.877Z] Node Version:  v12.0.0
[debug] [2021-05-01T10:49:27.878Z] Time:          Sat May 01 2021 12:49:27 GMT+0200 (GMT+02:00)
[debug] [2021-05-01T10:49:27.878Z] ----------------------------------------------------------------------
[debug] 
[debug] [2021-05-01T10:49:27.886Z] > command requires scopes: ["email","openid","https://www.googleapis.com/auth/cloudplatformprojects.readonly","https://www.googleapis.com/auth/firebase","https://www.googleapis.com/auth/cloud-platform"]
[debug] [2021-05-01T10:49:27.886Z] > authorizing via signed-in user (vinkho.c@gmail.com)
[info] i  emulators: Starting emulators: firestore {"metadata":{"emulator":{"name":"hub"},"message":"Starting emulators: firestore"}}
[debug] [2021-05-01T10:49:27.898Z] [hub] writing locator at /var/folders/mw/vjjbb0b51gbg2gxv0t83nh700000gn/T/hub-anima-f51c8.json
[warn] ⚠  firestore: Did not find a Cloud Firestore rules file specified in a firebase.json config file. {"metadata":{"emulator":{"name":"firestore"},"message":"Did not find a Cloud Firestore rules file specified in a firebase.json config file."}}
[warn] ⚠  firestore: The emulator will default to allowing all reads and writes. Learn more about this option: https://firebase.google.com/docs/emulator-suite/install_and_configure#security_rules_configuration. {"metadata":{"emulator":{"name":"firestore"},"message":"The emulator will default to allowing all reads and writes. Learn more about this option: https://firebase.google.com/docs/emulator-suite/install_and_configure#security_rules_configuration."}}
[debug] [2021-05-01T10:49:27.905Z] Ignoring unsupported arg: projectId {"metadata":{"emulator":{"name":"firestore"},"message":"Ignoring unsupported arg: projectId"}}
[debug] [2021-05-01T10:49:27.906Z] Ignoring unsupported arg: auto_download {"metadata":{"emulator":{"name":"firestore"},"message":"Ignoring unsupported arg: auto_download"}}
[debug] [2021-05-01T10:49:27.906Z] Starting Firestore Emulator with command {"binary":"java","args":["-Dgoogle.cloud_firestore.debug_log_level=FINE","-Duser.language=en","-jar","/Users/vincent/.cache/firebase/emulators/cloud-firestore-emulator-v1.11.14.jar","--host","localhost","--port",8080],"optionalArgs":["port","webchannel_port","host","rules","functions_emulator","seed_from_export"],"joinArgs":false} {"metadata":{"emulator":{"name":"firestore"},"message":"Starting Firestore Emulator with command {\"binary\":\"java\",\"args\":[\"-Dgoogle.cloud_firestore.debug_log_level=FINE\",\"-Duser.language=en\",\"-jar\",\"/Users/vincent/.cache/firebase/emulators/cloud-firestore-emulator-v1.11.14.jar\",\"--host\",\"localhost\",\"--port\",8080],\"optionalArgs\":[\"port\",\"webchannel_port\",\"host\",\"rules\",\"functions_emulator\",\"seed_from_export\"],\"joinArgs\":false}"}}
[info] i  firestore: Firestore Emulator logging to firestore-debug.log {"metadata":{"emulator":{"name":"firestore"},"message":"Firestore Emulator logging to \u001b[1mfirestore-debug.log\u001b[22m"}}
[debug] [2021-05-01T10:49:30.142Z] May 01, 2021 12:49:30 PM com.google.cloud.datastore.emulator.firestore.websocket.WebSocketServer start
INFO: Started WebSocket server on ws://localhost:49671
 {"metadata":{"emulator":{"name":"firestore"},"message":"May 01, 2021 12:49:30 PM com.google.cloud.datastore.emulator.firestore.websocket.WebSocketServer start\nINFO: Started WebSocket server on ws://localhost:49671\n"}}
[debug] [2021-05-01T10:49:30.161Z] API endpoint: http://localhost {"metadata":{"emulator":{"name":"firestore"},"message":"API endpoint: http://localhost"}}
[debug] [2021-05-01T10:49:30.162Z] :8080
If you are using a library that supports the FIRESTORE_EMULATOR_HOST environment variable, run:

   export FIRESTORE_EMULATOR_HOST=localhost:8080

Dev App Server is now running.

 {"metadata":{"emulator":{"name":"firestore"},"message":":8080\nIf you are using a library that supports the FIRESTORE_EMULATOR_HOST environment variable, run:\n\n   export FIRESTORE_EMULATOR_HOST=localhost:8080\n\nDev App Server is now running.\n\n"}}
[debug] [2021-05-01T10:49:30.225Z] Ignoring unsupported arg: auto_download {"metadata":{"emulator":{"name":"ui"},"message":"Ignoring unsupported arg: auto_download"}}
[debug] [2021-05-01T10:49:30.226Z] Ignoring unsupported arg: port {"metadata":{"emulator":{"name":"ui"},"message":"Ignoring unsupported arg: port"}}
[debug] [2021-05-01T10:49:30.226Z] Starting Emulator UI with command {"binary":"node","args":["/Users/vincent/.cache/firebase/emulators/ui-v1.4.2/server.bundle.js"],"optionalArgs":[],"joinArgs":false} {"metadata":{"emulator":{"name":"ui"},"message":"Starting Emulator UI with command {\"binary\":\"node\",\"args\":[\"/Users/vincent/.cache/firebase/emulators/ui-v1.4.2/server.bundle.js\"],\"optionalArgs\":[],\"joinArgs\":false}"}}
[info] i  ui: Emulator UI logging to ui-debug.log {"metadata":{"emulator":{"name":"ui"},"message":"Emulator UI logging to \u001b[1mui-debug.log\u001b[22m"}}
[debug] [2021-05-01T10:49:30.330Z] Web / API server started at http://localhost:4000
 {"metadata":{"emulator":{"name":"ui"},"message":"Web / API server started at http://localhost:4000\n"}}
[info] 
┌─────────────────────────────────────────────────────────────┐
│ ✔  All emulators ready! It is now safe to connect your app. │
│ i  View Emulator UI at http://localhost:4000                │
└─────────────────────────────────────────────────────────────┘

┌───────────┬────────────────┬─────────────────────────────────┐
│ Emulator  │ Host:Port      │ View in Emulator UI             │
├───────────┼────────────────┼─────────────────────────────────┤
│ Firestore │ localhost:8080 │ http://localhost:4000/firestore │
└───────────┴────────────────┴─────────────────────────────────┘
  Emulator Hub running at localhost:4400
  Other reserved ports: 4500

Issues? Report them at https://github.com/firebase/firebase-tools/issues and attach the *-debug.log files.
 
[debug] [2021-05-01T10:50:42.744Z] May 01, 2021 12:50:42 PM io.gapi.emulators.netty.HttpVersionRoutingHandler channelRead
INFO: Detected non-HTTP/2 connection.
 {"metadata":{"emulator":{"name":"firestore"},"message":"May 01, 2021 12:50:42 PM io.gapi.emulators.netty.HttpVersionRoutingHandler channelRead\nINFO: Detected non-HTTP/2 connection.\n"}}
[debug] [2021-05-01T10:50:42.872Z] May 01, 2021 12:50:42 PM com.google.net.webchannel.server.common.CorsFilter populateCustomHeaders
WARNING: Invalid $httpHeaders: X-Goog-Api-Client:gl-js/ fire/8.4.0
X-Firebase-GMPID:
Content-Type:text/plain

 {"metadata":{"emulator":{"name":"firestore"},"message":"May 01, 2021 12:50:42 PM com.google.net.webchannel.server.common.CorsFilter populateCustomHeaders\nWARNING: Invalid $httpHeaders: X-Goog-Api-Client:gl-js/ fire/8.4.0\r\nX-Firebase-GMPID:\r\nContent-Type:text/plain\r\n\n"}}
[debug] [2021-05-01T10:50:43.979Z] May 01, 2021 12:50:43 PM io.gapi.emulators.netty.HttpVersionRoutingHandler channelRead
INFO: Detected non-HTTP/2 connection.
 {"metadata":{"emulator":{"name":"firestore"},"message":"May 01, 2021 12:50:43 PM io.gapi.emulators.netty.HttpVersionRoutingHandler channelRead\nINFO: Detected non-HTTP/2 connection.\n"}}
[debug] [2021-05-01T10:50:43.989Z] May 01, 2021 12:50:43 PM com.google.net.webchannel.server.common.CorsFilter populateCustomHeaders
WARNING: Invalid $httpHeaders: X-Goog-Api-Client:gl-js/ fire/8.4.0
X-Firebase-GMPID:
Content-Type:text/plain
Authorization:Bearer eyJhbGciOiJSUzI1NiIsImtpZCI6IjRlOWRmNWE0ZjI4YWQwMjUwNjRkNjY1NTNiY2I5YjMzOTY4NWVmOTQiLCJ0eXAiOiJKV1QifQ.eyJwcm92aWRlcl9pZCI6ImFub255bW91cyIsImlzcyI6Imh0dHBzOi8vc2VjdXJldG9rZW4uZ29vZ2xlLmNvbS9hbmltYS1mNTFjOCIsImF1ZCI6ImFuaW1hLWY1MWM4IiwiYXV0aF90aW1lIjoxNjE5MTYwMzQ3LCJ1c2VyX2lkIjoiNkRRTGNYSHl6TVVXS3lpQXhHSjZ0MHFpWW1QMiIsInN1YiI6IjZEUUxjWEh5ek1VV0t5aUF4R0o2dDBxaVltUDIiLCJpYXQiOjE2MTk4NjM3OTcsImV4cCI6MTYxOTg2NzM5NywiZmlyZWJhc2UiOnsiaWRlbnRpdGllcyI6e30sInNpZ25faW5fcHJvdmlkZXIiOiJhbm9ueW1vdXMifX0.Vubw5DqwBBYj7pUkWFltLHDIPRMt8XAjA4-Oeglb2OSZ39QlSXBfhZ27LZSGbXoCbXzV-QqIZWUwmgsFbIB4zPb_Tct2gFnwUXFwz9PKe1H556g4y6jipvrd9ig7iVLj7qqa651GTMVaZVNdvC5TEnaHTfpR8PNEs_P8O-f_cBrfwfnMVbgMYgBimfNS9Vxh9lf1putwmtQUMRGubw0yszYPjNDEXpI3ZyV_tNVVYQd2dsfgdHrnJLlZoouR-tX-jHh67h6MNkGae4D9KIMJz6Mby-aCi7nUsuTqmcZFpaQ992eGWted1cEBOiBen4U1AD3GePhtPvSwTdbvlitWtw

 {"metadata":{"emulator":{"name":"firestore"},"message":"May 01, 2021 12:50:43 PM com.google.net.webchannel.server.common.CorsFilter populateCustomHeaders\nWARNING: Invalid $httpHeaders: X-Goog-Api-Client:gl-js/ fire/8.4.0\r\nX-Firebase-GMPID:\r\nContent-Type:text/plain\r\nAuthorization:Bearer eyJhbGciOiJSUzI1NiIsImtpZCI6IjRlOWRmNWE0ZjI4YWQwMjUwNjRkNjY1NTNiY2I5YjMzOTY4NWVmOTQiLCJ0eXAiOiJKV1QifQ.eyJwcm92aWRlcl9pZCI6ImFub255bW91cyIsImlzcyI6Imh0dHBzOi8vc2VjdXJldG9rZW4uZ29vZ2xlLmNvbS9hbmltYS1mNTFjOCIsImF1ZCI6ImFuaW1hLWY1MWM4IiwiYXV0aF90aW1lIjoxNjE5MTYwMzQ3LCJ1c2VyX2lkIjoiNkRRTGNYSHl6TVVXS3lpQXhHSjZ0MHFpWW1QMiIsInN1YiI6IjZEUUxjWEh5ek1VV0t5aUF4R0o2dDBxaVltUDIiLCJpYXQiOjE2MTk4NjM3OTcsImV4cCI6MTYxOTg2NzM5NywiZmlyZWJhc2UiOnsiaWRlbnRpdGllcyI6e30sInNpZ25faW5fcHJvdmlkZXIiOiJhbm9ueW1vdXMifX0.Vubw5DqwBBYj7pUkWFltLHDIPRMt8XAjA4-Oeglb2OSZ39QlSXBfhZ27LZSGbXoCbXzV-QqIZWUwmgsFbIB4zPb_Tct2gFnwUXFwz9PKe1H556g4y6jipvrd9ig7iVLj7qqa651GTMVaZVNdvC5TEnaHTfpR8PNEs_P8O-f_cBrfwfnMVbgMYgBimfNS9Vxh9lf1putwmtQUMRGubw0yszYPjNDEXpI3ZyV_tNVVYQd2dsfgdHrnJLlZoouR-tX-jHh67h6MNkGae4D9KIMJz6Mby-aCi7nUsuTqmcZFpaQ992eGWted1cEBOiBen4U1AD3GePhtPvSwTdbvlitWtw\r\n\n"}}
[debug] [2021-05-01T10:50:44.020Z] May 01, 2021 12:50:44 PM io.gapi.emulators.netty.HttpVersionRoutingHandler channelRead
INFO: Detected non-HTTP/2 connection.
 {"metadata":{"emulator":{"name":"firestore"},"message":"May 01, 2021 12:50:44 PM io.gapi.emulators.netty.HttpVersionRoutingHandler channelRead\nINFO: Detected non-HTTP/2 connection.\n"}}
[debug] [2021-05-01T10:50:44.029Z] May 01, 2021 12:50:44 PM io.gapi.emulators.netty.HttpVersionRoutingHandler channelRead
INFO: Detected non-HTTP/2 connection.
 {"metadata":{"emulator":{"name":"firestore"},"message":"May 01, 2021 12:50:44 PM io.gapi.emulators.netty.HttpVersionRoutingHandler channelRead\nINFO: Detected non-HTTP/2 connection.\n"}}
[debug] [2021-05-01T10:50:46.473Z] May 01, 2021 12:50:46 PM io.gapi.emulators.netty.HttpVersionRoutingHandler channelRead
INFO: Detected non-HTTP/2 connection.
 {"metadata":{"emulator":{"name":"firestore"},"message":"May 01, 2021 12:50:46 PM io.gapi.emulators.netty.HttpVersionRoutingHandler channelRead\nINFO: Detected non-HTTP/2 connection.\n"}}
[debug] [2021-05-01T10:50:46.479Z] May 01, 2021 12:50:46 PM com.google.net.webchannel.server.common.CorsFilter populateCustomHeaders
WARNING: Invalid $httpHeaders: X-Goog-Api-Client:gl-js/ fire/8.4.0
X-Firebase-GMPID:
Content-Type:text/plain
Authorization:Bearer eyJhbGciOiJSUzI1NiIsImtpZCI6IjRlOWRmNWE0ZjI4YWQwMjUwNjRkNjY1NTNiY2I5YjMzOTY4NWVmOTQiLCJ0eXAiOiJKV1QifQ.eyJwcm92aWRlcl9pZCI6ImFub255bW91cyIsImlzcyI6Imh0dHBzOi8vc2VjdXJldG9rZW4uZ29vZ2xlLmNvbS9hbmltYS1mNTFjOCIsImF1ZCI6ImFuaW1hLWY1MWM4IiwiYXV0aF90aW1lIjoxNjE5MTYwMzQ3LCJ1c2VyX2lkIjoiNkRRTGNYSHl6TVVXS3lpQXhHSjZ0MHFpWW1QMiIsInN1YiI6IjZEUUxjWEh5ek1VV0t5aUF4R0o2dDBxaVltUDIiLCJpYXQiOjE2MTk4NjM3OTcsImV4cCI6MTYxOTg2NzM5NywiZmlyZWJhc2UiOnsiaWRlbnRpdGllcyI6e30sInNpZ25faW5fcHJvdmlkZXIiOiJhbm9ueW1vdXMifX0.Vubw5DqwBBYj7pUkWFltLHDIPRMt8XAjA4-Oeglb2OSZ39QlSXBfhZ27LZSGbXoCbXzV-QqIZWUwmgsFbIB4zPb_Tct2gFnwUXFwz9PKe1H556g4y6jipvrd9ig7iVLj7qqa651GTMVaZVNdvC5TEnaHTfpR8PNEs_P8O-f_cBrfwfnMVbgMYgBimfNS9Vxh9lf1putwmtQUMRGubw0yszYPjNDEXpI3ZyV_tNVVYQd2dsfgdHrnJLlZoouR-tX-jHh67h6MNkGae4D9KIMJz6Mby-aCi7nUsuTqmcZFpaQ992eGWted1cEBOiBen4U1AD3GePhtPvSwTdbvlitWtw

 {"metadata":{"emulator":{"name":"firestore"},"message":"May 01, 2021 12:50:46 PM com.google.net.webchannel.server.common.CorsFilter populateCustomHeaders\nWARNING: Invalid $httpHeaders: X-Goog-Api-Client:gl-js/ fire/8.4.0\r\nX-Firebase-GMPID:\r\nContent-Type:text/plain\r\nAuthorization:Bearer eyJhbGciOiJSUzI1NiIsImtpZCI6IjRlOWRmNWE0ZjI4YWQwMjUwNjRkNjY1NTNiY2I5YjMzOTY4NWVmOTQiLCJ0eXAiOiJKV1QifQ.eyJwcm92aWRlcl9pZCI6ImFub255bW91cyIsImlzcyI6Imh0dHBzOi8vc2VjdXJldG9rZW4uZ29vZ2xlLmNvbS9hbmltYS1mNTFjOCIsImF1ZCI6ImFuaW1hLWY1MWM4IiwiYXV0aF90aW1lIjoxNjE5MTYwMzQ3LCJ1c2VyX2lkIjoiNkRRTGNYSHl6TVVXS3lpQXhHSjZ0MHFpWW1QMiIsInN1YiI6IjZEUUxjWEh5ek1VV0t5aUF4R0o2dDBxaVltUDIiLCJpYXQiOjE2MTk4NjM3OTcsImV4cCI6MTYxOTg2NzM5NywiZmlyZWJhc2UiOnsiaWRlbnRpdGllcyI6e30sInNpZ25faW5fcHJvdmlkZXIiOiJhbm9ueW1vdXMifX0.Vubw5DqwBBYj7pUkWFltLHDIPRMt8XAjA4-Oeglb2OSZ39QlSXBfhZ27LZSGbXoCbXzV-QqIZWUwmgsFbIB4zPb_Tct2gFnwUXFwz9PKe1H556g4y6jipvrd9ig7iVLj7qqa651GTMVaZVNdvC5TEnaHTfpR8PNEs_P8O-f_cBrfwfnMVbgMYgBimfNS9Vxh9lf1putwmtQUMRGubw0yszYPjNDEXpI3ZyV_tNVVYQd2dsfgdHrnJLlZoouR-tX-jHh67h6MNkGae4D9KIMJz6Mby-aCi7nUsuTqmcZFpaQ992eGWted1cEBOiBen4U1AD3GePhtPvSwTdbvlitWtw\r\n\n"}}
[debug] [2021-05-01T10:50:46.504Z] May 01, 2021 12:50:46 PM io.gapi.emulators.netty.HttpVersionRoutingHandler channelRead
INFO: Detected non-HTTP/2 connection.
 {"metadata":{"emulator":{"name":"firestore"},"message":"May 01, 2021 12:50:46 PM io.gapi.emulators.netty.HttpVersionRoutingHandler channelRead\nINFO: Detected non-HTTP/2 connection.\n"}}
[debug] [2021-05-01T10:50:46.522Z] May 01, 2021 12:50:46 PM io.gapi.emulators.netty.HttpVersionRoutingHandler channelRead
INFO: Detected non-HTTP/2 connection.
 {"metadata":{"emulator":{"name":"firestore"},"message":"May 01, 2021 12:50:46 PM io.gapi.emulators.netty.HttpVersionRoutingHandler channelRead\nINFO: Detected non-HTTP/2 connection.\n"}}
[debug] [2021-05-01T10:50:46.698Z] May 01, 2021 12:50:46 PM io.gapi.emulators.netty.HttpVersionRoutingHandler channelRead
INFO: Detected non-HTTP/2 connection.
 {"metadata":{"emulator":{"name":"firestore"},"message":"May 01, 2021 12:50:46 PM io.gapi.emulators.netty.HttpVersionRoutingHandler channelRead\nINFO: Detected non-HTTP/2 connection.\n"}}
[debug] [2021-05-01T10:50:47.225Z] May 01, 2021 12:50:47 PM io.gapi.emulators.netty.HttpVersionRoutingHandler channelRead
INFO: Detected non-HTTP/2 connection.
 {"metadata":{"emulator":{"name":"firestore"},"message":"May 01, 2021 12:50:47 PM io.gapi.emulators.netty.HttpVersionRoutingHandler channelRead\nINFO: Detected non-HTTP/2 connection.\n"}}
[debug] [2021-05-01T10:50:47.231Z] May 01, 2021 12:50:47 PM io.gapi.emulators.netty.HttpVersionRoutingHandler channelRead
INFO: Detected non-HTTP/2 connection.
 {"metadata":{"emulator":{"name":"firestore"},"message":"May 01, 2021 12:50:47 PM io.gapi.emulators.netty.HttpVersionRoutingHandler channelRead\nINFO: Detected non-HTTP/2 connection.\n"}}
[debug] [2021-05-01T10:50:47.243Z] May 01, 2021 12:50:47 PM io.gapi.emulators.netty.HttpVersionRoutingHandler channelRead
INFO: Detected non-HTTP/2 connection.
 {"metadata":{"emulator":{"name":"firestore"},"message":"May 01, 2021 12:50:47 PM io.gapi.emulators.netty.HttpVersionRoutingHandler channelRead\nINFO: Detected non-HTTP/2 connection.\n"}}
[debug] [2021-05-01T10:50:47.249Z] May 01, 2021 12:50:47 PM io.gapi.emulators.netty.HttpVersionRoutingHandler channelRead
INFO: Detected non-HTTP/2 connection.
May 01, 2021 12:50:47 PM io.gapi.emulators.netty.HttpVersionRoutingHandler channelRead
INFO: Detected non-HTTP/2 connection.
 {"metadata":{"emulator":{"name":"firestore"},"message":"May 01, 2021 12:50:47 PM io.gapi.emulators.netty.HttpVersionRoutingHandler channelRead\nINFO: Detected non-HTTP/2 connection.\nMay 01, 2021 12:50:47 PM io.gapi.emulators.netty.HttpVersionRoutingHandler channelRead\nINFO: Detected non-HTTP/2 connection.\n"}}
[debug] [2021-05-01T10:50:47.250Z] May 01, 2021 12:50:47 PM io.gapi.emulators.netty.HttpVersionRoutingHandler channelRead
INFO: Detected non-HTTP/2 connection.
 {"metadata":{"emulator":{"name":"firestore"},"message":"May 01, 2021 12:50:47 PM io.gapi.emulators.netty.HttpVersionRoutingHandler channelRead\nINFO: Detected non-HTTP/2 connection.\n"}}
[debug] [2021-05-01T10:50:47.251Z] May 01, 2021 12:50:47 PM io.gapi.emulators.netty.HttpVersionRoutingHandler channelRead
INFO: Detected non-HTTP/2 connection.
 {"metadata":{"emulator":{"name":"firestore"},"message":"May 01, 2021 12:50:47 PM io.gapi.emulators.netty.HttpVersionRoutingHandler channelRead\nINFO: Detected non-HTTP/2 connection.\n"}}
[debug] [2021-05-01T10:50:47.305Z] May 01, 2021 12:50:47 PM io.gapi.emulators.netty.HttpVersionRoutingHandler channelRead
INFO: Detected non-HTTP/2 connection.
 {"metadata":{"emulator":{"name":"firestore"},"message":"May 01, 2021 12:50:47 PM io.gapi.emulators.netty.HttpVersionRoutingHandler channelRead\nINFO: Detected non-HTTP/2 connection.\n"}}
[debug] [2021-05-01T10:50:47.343Z] May 01, 2021 12:50:47 PM io.gapi.emulators.netty.HttpVersionRoutingHandler channelRead
INFO: Detected HTTP/2 connection.
 {"metadata":{"emulator":{"name":"firestore"},"message":"May 01, 2021 12:50:47 PM io.gapi.emulators.netty.HttpVersionRoutingHandler channelRead\nINFO: Detected HTTP/2 connection.\n"}}
[debug] [2021-05-01T10:50:47.362Z] May 01, 2021 12:50:47 PM io.gapi.emulators.netty.HttpVersionRoutingHandler channelRead
INFO: Detected non-HTTP/2 connection.
 {"metadata":{"emulator":{"name":"firestore"},"message":"May 01, 2021 12:50:47 PM io.gapi.emulators.netty.HttpVersionRoutingHandler channelRead\nINFO: Detected non-HTTP/2 connection.\n"}}
[debug] [2021-05-01T10:50:47.379Z] May 01, 2021 12:50:47 PM io.gapi.emulators.netty.HttpVersionRoutingHandler channelRead
INFO: Detected non-HTTP/2 connection.
 {"metadata":{"emulator":{"name":"firestore"},"message":"May 01, 2021 12:50:47 PM io.gapi.emulators.netty.HttpVersionRoutingHandler channelRead\nINFO: Detected non-HTTP/2 connection.\n"}}
[debug] [2021-05-01T10:50:47.409Z] May 01, 2021 12:50:47 PM com.google.cloud.datastore.emulator.impl.context.EmulatorAuthorization warnAboutSecuredJwt
WARNING: expected an unsecured JWT, the emulator does not validate JWTs and IS NOT SECURE
May 01, 2021 12:50:47 PM com.google.cloud.datastore.emulator.impl.context.EmulatorAuthorization warnAboutSecuredJwt
WARNING: expected an unsecured JWT, the emulator does not validate JWTs and IS NOT SECURE
 {"metadata":{"emulator":{"name":"firestore"},"message":"May 01, 2021 12:50:47 PM com.google.cloud.datastore.emulator.impl.context.EmulatorAuthorization warnAboutSecuredJwt\nWARNING: expected an unsecured JWT, the emulator does not validate JWTs and IS NOT SECURE\nMay 01, 2021 12:50:47 PM com.google.cloud.datastore.emulator.impl.context.EmulatorAuthorization warnAboutSecuredJwt\nWARNING: expected an unsecured JWT, the emulator does not validate JWTs and IS NOT SECURE\n"}}
[debug] [2021-05-01T10:50:47.409Z] May 01, 2021 12:50:47 PM com.google.cloud.datastore.emulator.impl.context.EmulatorAuthorization warnAboutSecuredJwt
WARNING: expected an unsecured JWT, the emulator does not validate JWTs and IS NOT SECURE
 {"metadata":{"emulator":{"name":"firestore"},"message":"May 01, 2021 12:50:47 PM com.google.cloud.datastore.emulator.impl.context.EmulatorAuthorization warnAboutSecuredJwt\nWARNING: expected an unsecured JWT, the emulator does not validate JWTs and IS NOT SECURE\n"}}
[debug] [2021-05-01T10:50:47.411Z] May 01, 2021 12:50:47 PM com.google.cloud.datastore.emulator.impl.context.EmulatorAuthorization warnAboutSecuredJwt
WARNING: expected an unsecured JWT, the emulator does not validate JWTs and IS NOT SECURE
 {"metadata":{"emulator":{"name":"firestore"},"message":"May 01, 2021 12:50:47 PM com.google.cloud.datastore.emulator.impl.context.EmulatorAuthorization warnAboutSecuredJwt\nWARNING: expected an unsecured JWT, the emulator does not validate JWTs and IS NOT SECURE\n"}}
[debug] [2021-05-01T10:50:47.411Z] May 01, 2021 12:50:47 PM com.google.cloud.datastore.emulator.impl.context.EmulatorAuthorization warnAboutSecuredJwt
WARNING: expected an unsecured JWT, the emulator does not validate JWTs and IS NOT SECURE
 {"metadata":{"emulator":{"name":"firestore"},"message":"May 01, 2021 12:50:47 PM com.google.cloud.datastore.emulator.impl.context.EmulatorAuthorization warnAboutSecuredJwt\nWARNING: expected an unsecured JWT, the emulator does not validate JWTs and IS NOT SECURE\n"}}
[debug] [2021-05-01T10:50:47.416Z] May 01, 2021 12:50:47 PM com.google.cloud.datastore.emulator.impl.context.EmulatorAuthorization warnAboutSecuredJwt
WARNING: expected an unsecured JWT, the emulator does not validate JWTs and IS NOT SECURE
 {"metadata":{"emulator":{"name":"firestore"},"message":"May 01, 2021 12:50:47 PM com.google.cloud.datastore.emulator.impl.context.EmulatorAuthorization warnAboutSecuredJwt\nWARNING: expected an unsecured JWT, the emulator does not validate JWTs and IS NOT SECURE\n"}}
[debug] [2021-05-01T10:50:47.486Z] May 01, 2021 12:50:47 PM com.google.cloud.datastore.emulator.impl.context.EmulatorAuthorization warnAboutSecuredJwt
WARNING: expected an unsecured JWT, the emulator does not validate JWTs and IS NOT SECURE
 {"metadata":{"emulator":{"name":"firestore"},"message":"May 01, 2021 12:50:47 PM com.google.cloud.datastore.emulator.impl.context.EmulatorAuthorization warnAboutSecuredJwt\nWARNING: expected an unsecured JWT, the emulator does not validate JWTs and IS NOT SECURE\n"}}
[debug] [2021-05-01T10:50:47.493Z] May 01, 2021 12:50:47 PM com.google.cloud.datastore.emulator.impl.context.EmulatorAuthorization warnAboutSecuredJwt
WARNING: expected an unsecured JWT, the emulator does not validate JWTs and IS NOT SECURE
May 01, 2021 12:50:47 PM com.google.cloud.datastore.emulator.impl.context.EmulatorAuthorization warnAboutSecuredJwt
WARNING: expected an unsecured JWT, the emulator does not validate JWTs and IS NOT SECURE
 {"metadata":{"emulator":{"name":"firestore"},"message":"May 01, 2021 12:50:47 PM com.google.cloud.datastore.emulator.impl.context.EmulatorAuthorization warnAboutSecuredJwt\nWARNING: expected an unsecured JWT, the emulator does not validate JWTs and IS NOT SECURE\nMay 01, 2021 12:50:47 PM com.google.cloud.datastore.emulator.impl.context.EmulatorAuthorization warnAboutSecuredJwt\nWARNING: expected an unsecured JWT, the emulator does not validate JWTs and IS NOT SECURE\n"}}
[debug] [2021-05-01T10:50:47.496Z] May 01, 2021 12:50:47 PM com.google.cloud.datastore.emulator.impl.context.EmulatorAuthorization warnAboutSecuredJwt
WARNING: expected an unsecured JWT, the emulator does not validate JWTs and IS NOT SECURE
 {"metadata":{"emulator":{"name":"firestore"},"message":"May 01, 2021 12:50:47 PM com.google.cloud.datastore.emulator.impl.context.EmulatorAuthorization warnAboutSecuredJwt\nWARNING: expected an unsecured JWT, the emulator does not validate JWTs and IS NOT SECURE\n"}}
[debug] [2021-05-01T10:50:47.502Z] May 01, 2021 12:50:47 PM com.google.cloud.datastore.emulator.impl.context.EmulatorAuthorization warnAboutSecuredJwt
WARNING: expected an unsecured JWT, the emulator does not validate JWTs and IS NOT SECURE
May 01, 2021 12:50:47 PM com.google.cloud.datastore.emulator.impl.context.EmulatorAuthorization warnAboutSecuredJwt
WARNING: expected an unsecured JWT, the emulator does not validate JWTs and IS NOT SECURE
 {"metadata":{"emulator":{"name":"firestore"},"message":"May 01, 2021 12:50:47 PM com.google.cloud.datastore.emulator.impl.context.EmulatorAuthorization warnAboutSecuredJwt\nWARNING: expected an unsecured JWT, the emulator does not validate JWTs and IS NOT SECURE\nMay 01, 2021 12:50:47 PM com.google.cloud.datastore.emulator.impl.context.EmulatorAuthorization warnAboutSecuredJwt\nWARNING: expected an unsecured JWT, the emulator does not validate JWTs and IS NOT SECURE\n"}}
[debug] [2021-05-01T10:50:47.552Z] May 01, 2021 12:50:47 PM com.google.cloud.datastore.emulator.impl.context.EmulatorAuthorization warnAboutSecuredJwt
WARNING: expected an unsecured JWT, the emulator does not validate JWTs and IS NOT SECURE
 {"metadata":{"emulator":{"name":"firestore"},"message":"May 01, 2021 12:50:47 PM com.google.cloud.datastore.emulator.impl.context.EmulatorAuthorization warnAboutSecuredJwt\nWARNING: expected an unsecured JWT, the emulator does not validate JWTs and IS NOT SECURE\n"}}
[debug] [2021-05-01T10:50:47.555Z] May 01, 2021 12:50:47 PM com.google.cloud.datastore.emulator.impl.context.EmulatorAuthorization warnAboutSecuredJwt
WARNING: expected an unsecured JWT, the emulator does not validate JWTs and IS NOT SECURE
 {"metadata":{"emulator":{"name":"firestore"},"message":"May 01, 2021 12:50:47 PM com.google.cloud.datastore.emulator.impl.context.EmulatorAuthorization warnAboutSecuredJwt\nWARNING: expected an unsecured JWT, the emulator does not validate JWTs and IS NOT SECURE\n"}}
[debug] [2021-05-01T10:50:47.562Z] May 01, 2021 12:50:47 PM com.google.cloud.datastore.emulator.impl.context.EmulatorAuthorization warnAboutSecuredJwt
WARNING: expected an unsecured JWT, the emulator does not validate JWTs and IS NOT SECURE
 {"metadata":{"emulator":{"name":"firestore"},"message":"May 01, 2021 12:50:47 PM com.google.cloud.datastore.emulator.impl.context.EmulatorAuthorization warnAboutSecuredJwt\nWARNING: expected an unsecured JWT, the emulator does not validate JWTs and IS NOT SECURE\n"}}
[debug] [2021-05-01T10:50:47.565Z] May 01, 2021 12:50:47 PM com.google.cloud.datastore.emulator.impl.context.EmulatorAuthorization warnAboutSecuredJwt
WARNING: expected an unsecured JWT, the emulator does not validate JWTs and IS NOT SECURE
 {"metadata":{"emulator":{"name":"firestore"},"message":"May 01, 2021 12:50:47 PM com.google.cloud.datastore.emulator.impl.context.EmulatorAuthorization warnAboutSecuredJwt\nWARNING: expected an unsecured JWT, the emulator does not validate JWTs and IS NOT SECURE\n"}}
[debug] [2021-05-01T10:50:47.578Z] May 01, 2021 12:50:47 PM com.google.cloud.datastore.emulator.impl.context.EmulatorAuthorization warnAboutSecuredJwt
WARNING: expected an unsecured JWT, the emulator does not validate JWTs and IS NOT SECURE
 {"metadata":{"emulator":{"name":"firestore"},"message":"May 01, 2021 12:50:47 PM com.google.cloud.datastore.emulator.impl.context.EmulatorAuthorization warnAboutSecuredJwt\nWARNING: expected an unsecured JWT, the emulator does not validate JWTs and IS NOT SECURE\n"}}
[debug] [2021-05-01T10:50:47.586Z] May 01, 2021 12:50:47 PM com.google.cloud.datastore.emulator.impl.context.EmulatorAuthorization warnAboutSecuredJwt
WARNING: expected an unsecured JWT, the emulator does not validate JWTs and IS NOT SECURE
 {"metadata":{"emulator":{"name":"firestore"},"message":"May 01, 2021 12:50:47 PM com.google.cloud.datastore.emulator.impl.context.EmulatorAuthorization warnAboutSecuredJwt\nWARNING: expected an unsecured JWT, the emulator does not validate JWTs and IS NOT SECURE\n"}}
[debug] [2021-05-01T10:50:47.772Z] May 01, 2021 12:50:47 PM com.google.cloud.datastore.emulator.impl.context.EmulatorAuthorization warnAboutSecuredJwt
WARNING: expected an unsecured JWT, the emulator does not validate JWTs and IS NOT SECURE
 {"metadata":{"emulator":{"name":"firestore"},"message":"May 01, 2021 12:50:47 PM com.google.cloud.datastore.emulator.impl.context.EmulatorAuthorization warnAboutSecuredJwt\nWARNING: expected an unsecured JWT, the emulator does not validate JWTs and IS NOT SECURE\n"}}
[debug] [2021-05-01T10:50:47.794Z] May 01, 2021 12:50:47 PM com.google.cloud.datastore.emulator.impl.context.EmulatorAuthorization warnAboutSecuredJwt
WARNING: expected an unsecured JWT, the emulator does not validate JWTs and IS NOT SECURE
 {"metadata":{"emulator":{"name":"firestore"},"message":"May 01, 2021 12:50:47 PM com.google.cloud.datastore.emulator.impl.context.EmulatorAuthorization warnAboutSecuredJwt\nWARNING: expected an unsecured JWT, the emulator does not validate JWTs and IS NOT SECURE\n"}}
[debug] [2021-05-01T10:50:47.820Z] May 01, 2021 12:50:47 PM com.google.cloud.datastore.emulator.impl.context.EmulatorAuthorization warnAboutSecuredJwt
WARNING: expected an unsecured JWT, the emulator does not validate JWTs and IS NOT SECURE
 {"metadata":{"emulator":{"name":"firestore"},"message":"May 01, 2021 12:50:47 PM com.google.cloud.datastore.emulator.impl.context.EmulatorAuthorization warnAboutSecuredJwt\nWARNING: expected an unsecured JWT, the emulator does not validate JWTs and IS NOT SECURE\n"}}
[debug] [2021-05-01T10:50:47.830Z] May 01, 2021 12:50:47 PM com.google.cloud.datastore.emulator.impl.context.EmulatorAuthorization warnAboutSecuredJwt
WARNING: expected an unsecured JWT, the emulator does not validate JWTs and IS NOT SECURE
 {"metadata":{"emulator":{"name":"firestore"},"message":"May 01, 2021 12:50:47 PM com.google.cloud.datastore.emulator.impl.context.EmulatorAuthorization warnAboutSecuredJwt\nWARNING: expected an unsecured JWT, the emulator does not validate JWTs and IS NOT SECURE\n"}}
[debug] [2021-05-01T10:50:47.918Z] May 01, 2021 12:50:47 PM com.google.cloud.datastore.emulator.impl.context.EmulatorAuthorization warnAboutSecuredJwt
WARNING: expected an unsecured JWT, the emulator does not validate JWTs and IS NOT SECURE
 {"metadata":{"emulator":{"name":"firestore"},"message":"May 01, 2021 12:50:47 PM com.google.cloud.datastore.emulator.impl.context.EmulatorAuthorization warnAboutSecuredJwt\nWARNING: expected an unsecured JWT, the emulator does not validate JWTs and IS NOT SECURE\n"}}
[debug] [2021-05-01T10:50:47.926Z] May 01, 2021 12:50:47 PM com.google.cloud.datastore.emulator.impl.context.EmulatorAuthorization warnAboutSecuredJwt
WARNING: expected an unsecured JWT, the emulator does not validate JWTs and IS NOT SECURE
 {"metadata":{"emulator":{"name":"firestore"},"message":"May 01, 2021 12:50:47 PM com.google.cloud.datastore.emulator.impl.context.EmulatorAuthorization warnAboutSecuredJwt\nWARNING: expected an unsecured JWT, the emulator does not validate JWTs and IS NOT SECURE\n"}}
[debug] [2021-05-01T10:50:47.940Z] May 01, 2021 12:50:47 PM com.google.cloud.datastore.emulator.impl.context.EmulatorAuthorization warnAboutSecuredJwt
WARNING: expected an unsecured JWT, the emulator does not validate JWTs and IS NOT SECURE
 {"metadata":{"emulator":{"name":"firestore"},"message":"May 01, 2021 12:50:47 PM com.google.cloud.datastore.emulator.impl.context.EmulatorAuthorization warnAboutSecuredJwt\nWARNING: expected an unsecured JWT, the emulator does not validate JWTs and IS NOT SECURE\n"}}
[debug] [2021-05-01T10:50:47.991Z] May 01, 2021 12:50:47 PM com.google.cloud.datastore.emulator.impl.context.EmulatorAuthorization warnAboutSecuredJwt
WARNING: expected an unsecured JWT, the emulator does not validate JWTs and IS NOT SECURE
 {"metadata":{"emulator":{"name":"firestore"},"message":"May 01, 2021 12:50:47 PM com.google.cloud.datastore.emulator.impl.context.EmulatorAuthorization warnAboutSecuredJwt\nWARNING: expected an unsecured JWT, the emulator does not validate JWTs and IS NOT SECURE\n"}}
[debug] [2021-05-01T10:50:48.080Z] May 01, 2021 12:50:48 PM com.google.cloud.datastore.emulator.impl.context.EmulatorAuthorization warnAboutSecuredJwt
WARNING: expected an unsecured JWT, the emulator does not validate JWTs and IS NOT SECURE
 {"metadata":{"emulator":{"name":"firestore"},"message":"May 01, 2021 12:50:48 PM com.google.cloud.datastore.emulator.impl.context.EmulatorAuthorization warnAboutSecuredJwt\nWARNING: expected an unsecured JWT, the emulator does not validate JWTs and IS NOT SECURE\n"}}
[debug] [2021-05-01T10:50:48.166Z] May 01, 2021 12:50:48 PM com.google.cloud.datastore.emulator.impl.context.EmulatorAuthorization warnAboutSecuredJwt
WARNING: expected an unsecured JWT, the emulator does not validate JWTs and IS NOT SECURE
 {"metadata":{"emulator":{"name":"firestore"},"message":"May 01, 2021 12:50:48 PM com.google.cloud.datastore.emulator.impl.context.EmulatorAuthorization warnAboutSecuredJwt\nWARNING: expected an unsecured JWT, the emulator does not validate JWTs and IS NOT SECURE\n"}}
[debug] [2021-05-01T10:50:48.258Z] May 01, 2021 12:50:48 PM com.google.cloud.datastore.emulator.impl.context.EmulatorAuthorization warnAboutSecuredJwt
WARNING: expected an unsecured JWT, the emulator does not validate JWTs and IS NOT SECURE
 {"metadata":{"emulator":{"name":"firestore"},"message":"May 01, 2021 12:50:48 PM com.google.cloud.datastore.emulator.impl.context.EmulatorAuthorization warnAboutSecuredJwt\nWARNING: expected an unsecured JWT, the emulator does not validate JWTs and IS NOT SECURE\n"}}
[debug] [2021-05-01T10:50:49.788Z] May 01, 2021 12:50:49 PM io.gapi.emulators.netty.HttpVersionRoutingHandler channelRead
INFO: Detected non-HTTP/2 connection.
 {"metadata":{"emulator":{"name":"firestore"},"message":"May 01, 2021 12:50:49 PM io.gapi.emulators.netty.HttpVersionRoutingHandler channelRead\nINFO: Detected non-HTTP/2 connection.\n"}}
[debug] [2021-05-01T10:50:49.792Z] May 01, 2021 12:50:49 PM io.gapi.emulators.netty.HttpVersionRoutingHandler channelRead
INFO: Detected non-HTTP/2 connection.
 {"metadata":{"emulator":{"name":"firestore"},"message":"May 01, 2021 12:50:49 PM io.gapi.emulators.netty.HttpVersionRoutingHandler channelRead\nINFO: Detected non-HTTP/2 connection.\n"}}
[debug] [2021-05-01T10:50:49.926Z] May 01, 2021 12:50:49 PM io.gapi.emulators.netty.HttpVersionRoutingHandler channelRead
INFO: Detected non-HTTP/2 connection.
 {"metadata":{"emulator":{"name":"firestore"},"message":"May 01, 2021 12:50:49 PM io.gapi.emulators.netty.HttpVersionRoutingHandler channelRead\nINFO: Detected non-HTTP/2 connection.\n"}}
[debug] [2021-05-01T10:50:49.940Z] May 01, 2021 12:50:49 PM io.gapi.emulators.netty.HttpVersionRoutingHandler channelRead
INFO: Detected non-HTTP/2 connection.
 {"metadata":{"emulator":{"name":"firestore"},"message":"May 01, 2021 12:50:49 PM io.gapi.emulators.netty.HttpVersionRoutingHandler channelRead\nINFO: Detected non-HTTP/2 connection.\n"}}
[debug] [2021-05-01T10:50:50.426Z] May 01, 2021 12:50:50 PM io.gapi.emulators.netty.HttpVersionRoutingHandler channelRead
INFO: Detected non-HTTP/2 connection.
 {"metadata":{"emulator":{"name":"firestore"},"message":"May 01, 2021 12:50:50 PM io.gapi.emulators.netty.HttpVersionRoutingHandler channelRead\nINFO: Detected non-HTTP/2 connection.\n"}}
[debug] [2021-05-01T10:50:50.531Z] May 01, 2021 12:50:50 PM io.gapi.emulators.netty.HttpVersionRoutingHandler channelRead
INFO: Detected non-HTTP/2 connection.
 {"metadata":{"emulator":{"name":"firestore"},"message":"May 01, 2021 12:50:50 PM io.gapi.emulators.netty.HttpVersionRoutingHandler channelRead\nINFO: Detected non-HTTP/2 connection.\n"}}
[debug] [2021-05-01T10:50:50.537Z] May 01, 2021 12:50:50 PM io.gapi.emulators.netty.HttpVersionRoutingHandler channelRead
INFO: Detected non-HTTP/2 connection.
 {"metadata":{"emulator":{"name":"firestore"},"message":"May 01, 2021 12:50:50 PM io.gapi.emulators.netty.HttpVersionRoutingHandler channelRead\nINFO: Detected non-HTTP/2 connection.\n"}}
[debug] [2021-05-01T10:50:59.461Z] May 01, 2021 12:50:59 PM io.gapi.emulators.netty.HttpVersionRoutingHandler channelRead
INFO: Detected non-HTTP/2 connection.
 {"metadata":{"emulator":{"name":"firestore"},"message":"May 01, 2021 12:50:59 PM io.gapi.emulators.netty.HttpVersionRoutingHandler channelRead\nINFO: Detected non-HTTP/2 connection.\n"}}
[debug] [2021-05-01T10:50:59.476Z] May 01, 2021 12:50:59 PM io.gapi.emulators.netty.HttpVersionRoutingHandler channelRead
INFO: Detected non-HTTP/2 connection.
 {"metadata":{"emulator":{"name":"firestore"},"message":"May 01, 2021 12:50:59 PM io.gapi.emulators.netty.HttpVersionRoutingHandler channelRead\nINFO: Detected non-HTTP/2 connection.\n"}}
[debug] [2021-05-01T10:50:59.564Z] May 01, 2021 12:50:59 PM io.gapi.emulators.netty.HttpVersionRoutingHandler channelRead
INFO: Detected non-HTTP/2 connection.
 {"metadata":{"emulator":{"name":"firestore"},"message":"May 01, 2021 12:50:59 PM io.gapi.emulators.netty.HttpVersionRoutingHandler channelRead\nINFO: Detected non-HTTP/2 connection.\n"}}
[debug] [2021-05-01T10:51:05.468Z] May 01, 2021 12:51:05 PM io.gapi.emulators.netty.HttpVersionRoutingHandler channelRead
INFO: Detected non-HTTP/2 connection.
 {"metadata":{"emulator":{"name":"firestore"},"message":"May 01, 2021 12:51:05 PM io.gapi.emulators.netty.HttpVersionRoutingHandler channelRead\nINFO: Detected non-HTTP/2 connection.\n"}}
[debug] [2021-05-01T10:51:05.579Z] May 01, 2021 12:51:05 PM io.gapi.emulators.netty.HttpVersionRoutingHandler channelRead
INFO: Detected non-HTTP/2 connection.
 {"metadata":{"emulator":{"name":"firestore"},"message":"May 01, 2021 12:51:05 PM io.gapi.emulators.netty.HttpVersionRoutingHandler channelRead\nINFO: Detected non-HTTP/2 connection.\n"}}
[debug] [2021-05-01T10:51:05.588Z] May 01, 2021 12:51:05 PM io.gapi.emulators.netty.HttpVersionRoutingHandler channelRead
INFO: Detected non-HTTP/2 connection.
 {"metadata":{"emulator":{"name":"firestore"},"message":"May 01, 2021 12:51:05 PM io.gapi.emulators.netty.HttpVersionRoutingHandler channelRead\nINFO: Detected non-HTTP/2 connection.\n"}}
[debug] [2021-05-01T10:51:18.276Z] May 01, 2021 12:51:18 PM io.gapi.emulators.netty.HttpVersionRoutingHandler channelRead
INFO: Detected non-HTTP/2 connection.
 {"metadata":{"emulator":{"name":"firestore"},"message":"May 01, 2021 12:51:18 PM io.gapi.emulators.netty.HttpVersionRoutingHandler channelRead\nINFO: Detected non-HTTP/2 connection.\n"}}
[debug] [2021-05-01T10:51:18.376Z] May 01, 2021 12:51:18 PM io.gapi.emulators.netty.HttpVersionRoutingHandler channelRead
INFO: Detected non-HTTP/2 connection.
 {"metadata":{"emulator":{"name":"firestore"},"message":"May 01, 2021 12:51:18 PM io.gapi.emulators.netty.HttpVersionRoutingHandler channelRead\nINFO: Detected non-HTTP/2 connection.\n"}}
[debug] [2021-05-01T10:51:18.383Z] May 01, 2021 12:51:18 PM io.gapi.emulators.netty.HttpVersionRoutingHandler channelRead
INFO: Detected non-HTTP/2 connection.
 {"metadata":{"emulator":{"name":"firestore"},"message":"May 01, 2021 12:51:18 PM io.gapi.emulators.netty.HttpVersionRoutingHandler channelRead\nINFO: Detected non-HTTP/2 connection.\n"}}
[debug] [2021-05-01T10:51:19.731Z] May 01, 2021 12:51:19 PM io.gapi.emulators.netty.HttpVersionRoutingHandler channelRead
INFO: Detected non-HTTP/2 connection.
 {"metadata":{"emulator":{"name":"firestore"},"message":"May 01, 2021 12:51:19 PM io.gapi.emulators.netty.HttpVersionRoutingHandler channelRead\nINFO: Detected non-HTTP/2 connection.\n"}}
[debug] [2021-05-01T10:51:19.821Z] May 01, 2021 12:51:19 PM io.gapi.emulators.netty.HttpVersionRoutingHandler channelRead
INFO: Detected non-HTTP/2 connection.
 {"metadata":{"emulator":{"name":"firestore"},"message":"May 01, 2021 12:51:19 PM io.gapi.emulators.netty.HttpVersionRoutingHandler channelRead\nINFO: Detected non-HTTP/2 connection.\n"}}
[debug] [2021-05-01T10:51:19.825Z] May 01, 2021 12:51:19 PM io.gapi.emulators.netty.HttpVersionRoutingHandler channelRead
INFO: Detected non-HTTP/2 connection.
 {"metadata":{"emulator":{"name":"firestore"},"message":"May 01, 2021 12:51:19 PM io.gapi.emulators.netty.HttpVersionRoutingHandler channelRead\nINFO: Detected non-HTTP/2 connection.\n"}}
[debug] [2021-05-01T10:51:49.895Z] May 01, 2021 12:51:49 PM io.gapi.emulators.netty.HttpVersionRoutingHandler channelRead
INFO: Detected non-HTTP/2 connection.
 {"metadata":{"emulator":{"name":"firestore"},"message":"May 01, 2021 12:51:49 PM io.gapi.emulators.netty.HttpVersionRoutingHandler channelRead\nINFO: Detected non-HTTP/2 connection.\n"}}
[debug] [2021-05-01T10:51:49.912Z] May 01, 2021 12:51:49 PM io.gapi.emulators.netty.HttpVersionRoutingHandler channelRead
INFO: Detected non-HTTP/2 connection.
 {"metadata":{"emulator":{"name":"firestore"},"message":"May 01, 2021 12:51:49 PM io.gapi.emulators.netty.HttpVersionRoutingHandler channelRead\nINFO: Detected non-HTTP/2 connection.\n"}}
[debug] [2021-05-01T10:51:49.915Z] May 01, 2021 12:51:49 PM io.gapi.emulators.netty.HttpVersionRoutingHandler channelRead
INFO: Detected non-HTTP/2 connection.
 {"metadata":{"emulator":{"name":"firestore"},"message":"May 01, 2021 12:51:49 PM io.gapi.emulators.netty.HttpVersionRoutingHandler channelRead\nINFO: Detected non-HTTP/2 connection.\n"}}
